<?xml version="1.0" encoding="UTF-8"?>
<testng-results ignored="0" total="1" passed="1" failed="0" skipped="0">
  <reporter-output>
    <line>
      <![CDATA[CreateCampaign]]>
    </line>
  </reporter-output>
  <suite started-at="2023-04-13T18:21:28Z" name="Default suite" finished-at="2023-04-13T18:21:28Z" duration-ms="76">
    <groups>
    </groups>
    <test started-at="2023-04-13T18:21:28Z" name="Default test" finished-at="2023-04-13T18:21:28Z" duration-ms="76">
      <class name="com.zohocrm.testscript.CampaignsModule">
        <test-method signature="createCampaign()[pri:0, instance:com.zohocrm.testscript.CampaignsModule@11392934]" started-at="2023-04-13T18:21:28Z" name="createCampaign" finished-at="2023-04-13T18:21:28Z" duration-ms="31" status="PASS">
          <reporter-output>
            <line>
              <![CDATA[CreateCampaign]]>
            </line>
          </reporter-output>
        </test-method> <!-- createCampaign -->
      </class> <!-- com.zohocrm.testscript.CampaignsModule -->
    </test> <!-- Default test -->
  </suite> <!-- Default suite -->
</testng-results>
