<?xml version="1.0" encoding="UTF-8"?>
<testng-results ignored="0" total="2" passed="2" failed="0" skipped="0">
  <reporter-output>
    <line>
      <![CDATA[CreateCampaign]]>
    </line>
    <line>
      <![CDATA[Create New Lead]]>
    </line>
  </reporter-output>
  <suite started-at="2023-04-18T19:14:05Z" name="Suite" finished-at="2023-04-18T19:14:05Z" duration-ms="62">
    <groups>
    </groups>
    <test started-at="2023-04-18T19:14:05Z" name="Test" finished-at="2023-04-18T19:14:05Z" duration-ms="62">
      <class name="com.zohocrm.testscript.CampaignsModule">
        <test-method signature="createCampaign()[pri:0, instance:com.zohocrm.testscript.CampaignsModule@25fb8912]" started-at="2023-04-18T19:14:05Z" name="createCampaign" finished-at="2023-04-18T19:14:05Z" duration-ms="14" status="PASS">
          <reporter-output>
            <line>
              <![CDATA[CreateCampaign]]>
            </line>
          </reporter-output>
        </test-method> <!-- createCampaign -->
      </class> <!-- com.zohocrm.testscript.CampaignsModule -->
      <class name="com.zohocrm.testscript.LeadModule">
        <test-method signature="createNewLead()[pri:0, instance:com.zohocrm.testscript.LeadModule@7c24b813]" started-at="2023-04-18T19:14:05Z" name="createNewLead" finished-at="2023-04-18T19:14:05Z" duration-ms="0" status="PASS">
          <reporter-output>
            <line>
              <![CDATA[Create New Lead]]>
            </line>
          </reporter-output>
        </test-method> <!-- createNewLead -->
      </class> <!-- com.zohocrm.testscript.LeadModule -->
    </test> <!-- Test -->
  </suite> <!-- Suite -->
</testng-results>
