<?xml version="1.0" encoding="UTF-8"?>
<testng-results ignored="0" total="1" passed="1" failed="0" skipped="0">
  <reporter-output>
    <line>
      <![CDATA[CreateCampaign]]>
    </line>
  </reporter-output>
  <suite started-at="2023-04-14T11:09:04Z" name="Suite" finished-at="2023-04-14T11:09:04Z" duration-ms="47">
    <groups>
    </groups>
    <test started-at="2023-04-14T11:09:04Z" name="Test" finished-at="2023-04-14T11:09:04Z" duration-ms="47">
      <class name="com.zohocrm.testscript.CampaignsModule">
        <test-method signature="createCampaign()[pri:0, instance:com.zohocrm.testscript.CampaignsModule@4fb3ee4e]" started-at="2023-04-14T11:09:04Z" name="createCampaign" finished-at="2023-04-14T11:09:04Z" duration-ms="11" status="PASS">
          <reporter-output>
            <line>
              <![CDATA[CreateCampaign]]>
            </line>
          </reporter-output>
        </test-method> <!-- createCampaign -->
      </class> <!-- com.zohocrm.testscript.CampaignsModule -->
    </test> <!-- Test -->
  </suite> <!-- Suite -->
</testng-results>
